STEP to UG
! INFO-     NX STEP AP203 - V10.0
! INFO-      
! INFO-     Start of Translation: 21-APR-2024  9:26:07 PM
! INFO-      
! STATUS-   Converting Part: C:\Users\Owner\Documents\GitHub\GoatWorks\Polygonus-Universal-112\CAD\Polygonus-Universal-Base.step
! SUMMARY-   
! SUMMARY-    STEP Header Information
! SUMMARY-   
! SUMMARY-  Description      KiCad electronic assembly
! SUMMARY-  Imp_Level        2;1
! SUMMARY-  File_Name        Polygonus-Universal-Base.step
! SUMMARY-  Date             2024-04-21T21:26:00
! SUMMARY-  Author           Pcbnew
! SUMMARY-  Organization     Kicad
! SUMMARY-  Pre_Version      Open CASCADE STEP processor 7.7
! SUMMARY-  Orig_System      KiCad to STEP converter
! SUMMARY-  Authorization    Unknown
! SUMMARY-  Schema_ID        automotive_design
! SUMMARY-   
! SUMMARY-    Summary of STEP Entities
! SUMMARY-   
! SUMMARY-  Entity Type                                                   Count
! SUMMARY-  -----------                                                   ------
! SUMMARY-  advanced_brep_shape_representation .........................:      1
! SUMMARY-  advanced_face ..............................................:    310
! SUMMARY-  application_context ........................................:      1
! SUMMARY-  application_protocol_definition ............................:      1
! SUMMARY-  axis2_placement_3d .........................................:    880
! SUMMARY-  b_spline_curve_with_knots_and_rational_b_spline_curve ......:    568
! SUMMARY-  cartesian_point ............................................:   7108
! SUMMARY-  circle .....................................................:    568
! SUMMARY-  closed_shell ...............................................:      1
! SUMMARY-  context_dependent_shape_representation .....................:      1
! SUMMARY-  cylindrical_surface ........................................:    284
! SUMMARY-  definitional_representation ................................:   1848
! SUMMARY-  direction ..................................................:   3396
! SUMMARY-  edge_curve .................................................:    924
! SUMMARY-  edge_loop ..................................................:    882
! SUMMARY-  face_bound .................................................:    882
! SUMMARY-  geometric_representation_context_and_global_uncertainty_a ..:      2
! SUMMARY-  item_defined_transformation ................................:      1
! SUMMARY-  length_unit_and_si_unit ....................................:      2
! SUMMARY-  line .......................................................:   1636
! SUMMARY-  manifold_solid_brep ........................................:      1
! SUMMARY-  next_assembly_usage_occurrence .............................:      1
! SUMMARY-  oriented_edge ..............................................:   1848
! SUMMARY-  pcurve .....................................................:   1848
! SUMMARY-  plane ......................................................:     26
! SUMMARY-  plane_angle_unit_and_si_unit ...............................:      2
! SUMMARY-  product ....................................................:      2
! SUMMARY-  product_context ............................................:      2
! SUMMARY-  product_definition .........................................:      2
! SUMMARY-  product_definition_context .................................:      2
! SUMMARY-  product_definition_formation ...............................:      2
! SUMMARY-  product_definition_shape ...................................:      3
! SUMMARY-  product_related_product_category ...........................:      2
! SUMMARY-  representation_relationship_with_transformation_and_shape ..:      1
! SUMMARY-  seam_curve .................................................:    284
! SUMMARY-  shape_definition_representation ............................:      4
! SUMMARY-  shape_representation .......................................:      3
! SUMMARY-  si_unit_and_solid_angle_unit ...............................:      2
! SUMMARY-  surface_curve ..............................................:    640
! SUMMARY-  uncertainty_measure_with_unit ..............................:      2
! SUMMARY-  vector .....................................................:   1636
! SUMMARY-  vertex_point ...............................................:    616
! SUMMARY-                                                               -------
! SUMMARY-  Total                                                          26225
! STATUS-    
! STATUS-   Converting to Output Form (Phase 2 of 3): 21-APR-2024 9:26:08 PM
! STATUS-    
! STATUS-    
! STATUS-   Generating UG geometry and placing them in parts
! STATUS-    
! STATUS-   Creating the UG part (Phase 3 of 3): 21-APR-2024  9:26:08 PM
! STATUS-    
! STATUS-   Creating UG solid body from Input Ent Id 33
! STATUS-    
! STATUS-   simplifying Bsplines to analytics
! STATUS-    
! STATUS-   converting tolerant edges into exact edges
! STATUS-    
! STATUS-   doing final check of body to report any faults
! STATUS-    
! INFO-     Filing Part ..: C:\Users\Owner\Documents\GitHub\GoatWorks\Polygonus-Universal-112\CAD\Polygonus-Universal-Base PCB
! SUMMARY-   
! SUMMARY-  Summary of Unigraphics Part Entities
! SUMMARY-   
! SUMMARY-  Entities Processed             Count
! SUMMARY-  ------------------             -----
! SUMMARY-  Solid .......................:     1
! SUMMARY-                                 -----
! SUMMARY-  Total                              1
! STATUS-   Creating the UG part (Phase 3 of 3): 21-APR-2024  9:26:08 PM
! INFO-     Filing Part ..: C:\Users\Owner\Documents\GitHub\GoatWorks\Polygonus-Universal-112\CAD\Polygonus-Universal-Base_step.prt
! SUMMARY-   
! SUMMARY-  Summary of Unigraphics Part Entities
! SUMMARY-   
! SUMMARY-  Entities Processed             Count
! SUMMARY-  ------------------             -----
! SUMMARY-  Component ...................:     1
! SUMMARY-                                 -----
! SUMMARY-  Total                              1
! INFO-      
! INFO-     Total number of solids input for this translation       :         1
! INFO-      
! INFO-     Number of solids created without body validation faults :         1
! INFO-      
! INFO-     Number of solids created with body validation fault(s)  :         0
! INFO-      
! INFO-     Number of solids ending up as sheet bodies              :         0
! INFO-      
! INFO-     End of Translation: 21-APR-2024  9:26:08 PM
! INFO-      
